<?xml version="1.0" encoding="UTF-8"?>
<testng-results skipped="0" failed="0" total="1" passed="1">
  <reporter-output>
  </reporter-output>
  <suite name="Command line suite" duration-ms="5533" started-at="2021-09-11T18:55:36Z" finished-at="2021-09-11T18:55:42Z">
    <groups>
    </groups>
    <test name="Command line test" duration-ms="5533" started-at="2021-09-11T18:55:36Z" finished-at="2021-09-11T18:55:42Z">
      <class name="RunnableJar.TestRunner">
        <test-method status="PASS" signature="newtest()[pri:0, instance:RunnableJar.TestRunner@4f47d241]" name="newtest" duration-ms="5521" started-at="2021-09-12T00:25:36Z" finished-at="2021-09-12T00:25:42Z">
          <reporter-output>
          </reporter-output>
        </test-method> <!-- newtest -->
      </class> <!-- RunnableJar.TestRunner -->
    </test> <!-- Command line test -->
  </suite> <!-- Command line suite -->
</testng-results>
